<?xml version="1.0" encoding="UTF-8"?>
<!-- Generated by org.testng.reporters.JUnitReportReporter -->
<testsuite hostname="LAPTOP-KB7KK6RH" failures="0" tests="2" name="com.qkm1.ios.IOS" time="33.116" errors="0" timestamp="2022-02-21T11:54:24 IST" skipped="0">
  <testcase classname="com.qkm1.ios.IOS" name="test_02" time="22.479"/>
  <testcase classname="com.qkm1.ios.IOS" name="test_01" time="10.637"/>
</testsuite> <!-- com.qkm1.ios.IOS -->
